2017-04-21T13:55:22+00:00 INFO Queuing 3.0.0 - wc_update_300_webhooks
2017-04-21T13:55:22+00:00 INFO Queuing 3.0.0 - wc_update_300_grouped_products
2017-04-21T13:55:22+00:00 INFO Queuing 3.0.0 - wc_update_300_settings
2017-04-21T13:55:22+00:00 INFO Queuing 3.0.0 - wc_update_300_product_visibility
2017-04-21T13:55:22+00:00 INFO Queuing 3.0.0 - wc_update_300_db_version
2017-04-21T13:55:23+00:00 INFO Running wc_update_300_webhooks callback
2017-04-21T13:55:23+00:00 INFO Finished wc_update_300_webhooks callback
2017-04-21T13:55:23+00:00 INFO Running wc_update_300_grouped_products callback
2017-04-21T13:55:23+00:00 INFO Finished wc_update_300_grouped_products callback
2017-04-21T13:55:23+00:00 INFO Running wc_update_300_settings callback
2017-04-21T13:55:23+00:00 INFO Finished wc_update_300_settings callback
2017-04-21T13:55:23+00:00 INFO Running wc_update_300_product_visibility callback
2017-04-21T13:55:23+00:00 INFO Finished wc_update_300_product_visibility callback
2017-04-21T13:55:23+00:00 INFO Running wc_update_300_db_version callback
2017-04-21T13:55:23+00:00 INFO Finished wc_update_300_db_version callback
2017-04-21T13:55:23+00:00 INFO Data update complete
2017-04-21T14:41:03+00:00 INFO Queuing 3.0.0 - wc_update_300_webhooks
2017-04-21T14:41:03+00:00 INFO Queuing 3.0.0 - wc_update_300_grouped_products
2017-04-21T14:41:03+00:00 INFO Queuing 3.0.0 - wc_update_300_settings
2017-04-21T14:41:03+00:00 INFO Queuing 3.0.0 - wc_update_300_product_visibility
2017-04-21T14:41:03+00:00 INFO Queuing 3.0.0 - wc_update_300_db_version
2017-04-21T14:41:06+00:00 INFO Running wc_update_300_webhooks callback
2017-04-21T14:41:06+00:00 INFO Finished wc_update_300_webhooks callback
2017-04-21T14:41:06+00:00 INFO Running wc_update_300_grouped_products callback
2017-04-21T14:41:06+00:00 INFO Finished wc_update_300_grouped_products callback
2017-04-21T14:41:06+00:00 INFO Running wc_update_300_settings callback
2017-04-21T14:41:06+00:00 INFO Finished wc_update_300_settings callback
2017-04-21T14:41:06+00:00 INFO Running wc_update_300_product_visibility callback
2017-04-21T14:41:06+00:00 INFO Finished wc_update_300_product_visibility callback
2017-04-21T14:41:06+00:00 INFO Running wc_update_300_db_version callback
2017-04-21T14:41:06+00:00 INFO Finished wc_update_300_db_version callback
2017-04-21T14:41:06+00:00 INFO Data update complete
2017-07-17T11:00:16+00:00 INFO Queuing 3.0.0 - wc_update_300_webhooks
2017-07-17T11:00:16+00:00 INFO Queuing 3.0.0 - wc_update_300_grouped_products
2017-07-17T11:00:16+00:00 INFO Queuing 3.0.0 - wc_update_300_settings
2017-07-17T11:00:16+00:00 INFO Queuing 3.0.0 - wc_update_300_product_visibility
2017-07-17T11:00:16+00:00 INFO Queuing 3.0.0 - wc_update_300_db_version
2017-07-17T11:00:16+00:00 INFO Queuing 3.1.0 - wc_update_310_downloadable_products
2017-07-17T11:00:16+00:00 INFO Queuing 3.1.0 - wc_update_310_old_comments
2017-07-17T11:00:16+00:00 INFO Queuing 3.1.0 - wc_update_310_db_version
2017-07-17T11:00:16+00:00 INFO Running wc_update_300_webhooks callback
2017-07-17T11:00:16+00:00 INFO Finished wc_update_300_webhooks callback
2017-07-17T11:00:16+00:00 INFO Running wc_update_300_grouped_products callback
2017-07-17T11:00:16+00:00 INFO Finished wc_update_300_grouped_products callback
2017-07-17T11:00:16+00:00 INFO Running wc_update_300_settings callback
2017-07-17T11:00:16+00:00 INFO Finished wc_update_300_settings callback
2017-07-17T11:00:16+00:00 INFO Running wc_update_300_product_visibility callback
2017-07-17T11:00:16+00:00 INFO Finished wc_update_300_product_visibility callback
2017-07-17T11:00:16+00:00 INFO Running wc_update_300_db_version callback
2017-07-17T11:00:16+00:00 INFO Finished wc_update_300_db_version callback
2017-07-17T11:00:16+00:00 INFO Running wc_update_310_downloadable_products callback
2017-07-17T11:00:16+00:00 INFO Finished wc_update_310_downloadable_products callback
2017-07-17T11:00:16+00:00 INFO Running wc_update_310_old_comments callback
2017-07-17T11:00:16+00:00 INFO Finished wc_update_310_old_comments callback
2017-07-17T11:00:16+00:00 INFO Running wc_update_310_db_version callback
2017-07-17T11:00:16+00:00 INFO Finished wc_update_310_db_version callback
2017-07-17T11:00:16+00:00 INFO Data update complete
2017-07-17T16:30:14+00:00 INFO Queuing 3.0.0 - wc_update_300_webhooks
2017-07-17T16:30:14+00:00 INFO Queuing 3.0.0 - wc_update_300_grouped_products
2017-07-17T16:30:14+00:00 INFO Queuing 3.0.0 - wc_update_300_settings
2017-07-17T16:30:14+00:00 INFO Queuing 3.0.0 - wc_update_300_product_visibility
2017-07-17T16:30:14+00:00 INFO Queuing 3.0.0 - wc_update_300_db_version
2017-07-17T16:30:14+00:00 INFO Queuing 3.1.0 - wc_update_310_downloadable_products
2017-07-17T16:30:14+00:00 INFO Queuing 3.1.0 - wc_update_310_old_comments
2017-07-17T16:30:14+00:00 INFO Queuing 3.1.0 - wc_update_310_db_version
2017-07-17T16:30:15+00:00 INFO Running wc_update_300_webhooks callback
2017-07-17T16:30:15+00:00 INFO Finished wc_update_300_webhooks callback
2017-07-17T16:30:15+00:00 INFO Running wc_update_300_grouped_products callback
2017-07-17T16:30:15+00:00 INFO Finished wc_update_300_grouped_products callback
2017-07-17T16:30:15+00:00 INFO Running wc_update_300_settings callback
2017-07-17T16:30:15+00:00 INFO Finished wc_update_300_settings callback
2017-07-17T16:30:15+00:00 INFO Running wc_update_300_product_visibility callback
2017-07-17T16:30:15+00:00 INFO Finished wc_update_300_product_visibility callback
2017-07-17T16:30:15+00:00 INFO Running wc_update_300_db_version callback
2017-07-17T16:30:15+00:00 INFO Finished wc_update_300_db_version callback
2017-07-17T16:30:15+00:00 INFO Running wc_update_310_downloadable_products callback
2017-07-17T16:30:15+00:00 INFO Finished wc_update_310_downloadable_products callback
2017-07-17T16:30:15+00:00 INFO Running wc_update_310_old_comments callback
2017-07-17T16:30:15+00:00 INFO Finished wc_update_310_old_comments callback
2017-07-17T16:30:15+00:00 INFO Running wc_update_310_db_version callback
2017-07-17T16:30:15+00:00 INFO Finished wc_update_310_db_version callback
2017-07-17T16:30:15+00:00 INFO Data update complete
